2021-07-03 20:13:03,270  INFO Function - Function for calculating the cost of car insurance.
2021-07-03 20:13:03,272  INFO Function - Calculating the cost of car insurance.
2021-07-03 20:13:03,272 DEBUG Function - Selection of the coefficient depending on the driving experience
2021-07-03 20:13:03,275 DEBUG Function - Selection of coefficient depending on the number of accidents
2021-07-03 20:13:03,278 DEBUG Function - Selection of the coefficient depending on the engine power
2021-07-03 20:13:03,281 DEBUG Function - Getting the cost of car insurance
2021-07-03 20:13:03,288  INFO Function - Function for calculating the cost of car insurance.
2021-07-03 20:13:03,289  INFO Function - Calculating the cost of car insurance.
2021-07-03 20:13:03,289 DEBUG Function - Selection of the coefficient depending on the driving experience
2021-07-03 20:13:03,289 DEBUG Function - Selection of coefficient depending on the number of accidents
2021-07-03 20:13:03,290 DEBUG Function - Selection of the coefficient depending on the engine power
2021-07-03 20:13:03,290 DEBUG Function - Getting the cost of car insurance
2021-07-03 20:13:03,293  INFO Function - Function for calculating the cost of car insurance.
2021-07-03 20:13:03,296  INFO Function - Calculating the cost of car insurance.
2021-07-03 20:13:03,296 DEBUG Function - Selection of the coefficient depending on the driving experience
2021-07-03 20:13:03,297 DEBUG Function - Selection of coefficient depending on the number of accidents
2021-07-03 20:13:03,297 DEBUG Function - Selection of the coefficient depending on the engine power
2021-07-03 20:13:03,297 DEBUG Function - Getting the cost of car insurance
2021-07-03 20:13:03,298  INFO Function - Function for calculating the cost of car insurance.
2021-07-03 20:13:03,300  INFO Function - Calculating the cost of car insurance.
2021-07-03 20:13:03,302 DEBUG Function - Selection of the coefficient depending on the driving experience
2021-07-03 20:13:03,302 DEBUG Function - Selection of coefficient depending on the number of accidents
2021-07-03 20:13:03,303 DEBUG Function - Selection of the coefficient depending on the engine power
2021-07-03 20:13:03,303 DEBUG Function - Getting the cost of car insurance
2021-07-03 20:13:03,313  INFO Function - Function for calculating the cost of car insurance.
2021-07-03 20:13:03,313  INFO Function - Calculating the cost of car insurance.
2021-07-03 20:13:03,313 DEBUG Function - Selection of the coefficient depending on the driving experience
2021-07-03 20:13:03,314 DEBUG Function - Selection of coefficient depending on the number of accidents
2021-07-03 20:13:03,314 DEBUG Function - Selection of the coefficient depending on the engine power
2021-07-03 20:13:03,320 DEBUG Function - Getting the cost of car insurance
2021-07-03 20:13:03,324  INFO Function - Function for calculating the cost of car insurance.
2021-07-03 20:13:03,325  INFO Function - Calculating the cost of car insurance.
2021-07-03 20:13:03,327 DEBUG Function - Selection of the coefficient depending on the driving experience
2021-07-03 20:13:03,333 DEBUG Function - Selection of coefficient depending on the number of accidents
2021-07-03 20:13:03,333 DEBUG Function - Selection of the coefficient depending on the engine power
2021-07-03 20:13:03,333 DEBUG Function - Getting the cost of car insurance
2021-07-03 21:19:50,047  INFO Function - Function for calculating the cost of car insurance.
2021-07-03 21:19:50,049  INFO Function - Calculating the cost of car insurance.
2021-07-03 21:19:50,050 DEBUG Function - Selection of the coefficient depending on the driving experience
2021-07-03 21:19:50,052 DEBUG Function - Selection of coefficient depending on the number of accidents
2021-07-03 21:19:50,055 DEBUG Function - Selection of the coefficient depending on the engine power
2021-07-03 21:19:50,058 DEBUG Function - Getting the cost of car insurance
2021-07-03 21:19:50,065  INFO Function - Function for calculating the cost of car insurance.
2021-07-03 21:19:50,065  INFO Function - Calculating the cost of car insurance.
2021-07-03 21:19:50,065 DEBUG Function - Selection of the coefficient depending on the driving experience
2021-07-03 21:19:50,066 DEBUG Function - Selection of coefficient depending on the number of accidents
2021-07-03 21:19:50,066 DEBUG Function - Selection of the coefficient depending on the engine power
2021-07-03 21:19:50,066 DEBUG Function - Getting the cost of car insurance
2021-07-03 21:19:50,068  INFO Function - Function for calculating the cost of car insurance.
2021-07-03 21:19:50,068  INFO Function - Calculating the cost of car insurance.
2021-07-03 21:19:50,068 DEBUG Function - Selection of the coefficient depending on the driving experience
2021-07-03 21:19:50,069 DEBUG Function - Selection of coefficient depending on the number of accidents
2021-07-03 21:19:50,069 DEBUG Function - Selection of the coefficient depending on the engine power
2021-07-03 21:19:50,070 DEBUG Function - Getting the cost of car insurance
2021-07-03 21:19:50,071  INFO Function - Function for calculating the cost of car insurance.
2021-07-03 21:19:50,071  INFO Function - Calculating the cost of car insurance.
2021-07-03 21:19:50,072 DEBUG Function - Selection of the coefficient depending on the driving experience
2021-07-03 21:19:50,072 DEBUG Function - Selection of coefficient depending on the number of accidents
2021-07-03 21:19:50,072 DEBUG Function - Selection of the coefficient depending on the engine power
2021-07-03 21:19:50,072 DEBUG Function - Getting the cost of car insurance
2021-07-03 21:19:50,084  INFO Function - Function for calculating the cost of car insurance.
2021-07-03 21:19:50,091  INFO Function - Calculating the cost of car insurance.
2021-07-03 21:19:50,092 DEBUG Function - Selection of the coefficient depending on the driving experience
2021-07-03 21:19:50,093 DEBUG Function - Selection of coefficient depending on the number of accidents
2021-07-03 21:19:50,097 DEBUG Function - Selection of the coefficient depending on the engine power
2021-07-03 21:19:50,098 DEBUG Function - Getting the cost of car insurance
2021-07-03 21:19:50,099  INFO Function - Function for calculating the cost of car insurance.
2021-07-03 21:19:50,099  INFO Function - Calculating the cost of car insurance.
2021-07-03 21:19:50,100 DEBUG Function - Selection of the coefficient depending on the driving experience
2021-07-03 21:19:50,103 DEBUG Function - Selection of coefficient depending on the number of accidents
2021-07-03 21:19:50,111 DEBUG Function - Selection of the coefficient depending on the engine power
2021-07-03 21:19:50,112 DEBUG Function - Getting the cost of car insurance
2021-07-03 21:21:07,435  INFO Function - Function for calculating the cost of car insurance.
2021-07-03 21:21:07,440  INFO Function - Calculating the cost of car insurance.
2021-07-03 21:21:07,441 DEBUG Function - Selection of the coefficient depending on the driving experience
2021-07-03 21:21:07,444 DEBUG Function - Selection of coefficient depending on the number of accidents
2021-07-03 21:21:07,447 DEBUG Function - Selection of the coefficient depending on the engine power
2021-07-03 21:21:07,456 DEBUG Function - Getting the cost of car insurance
2021-07-03 21:21:07,458  INFO Function - Function for calculating the cost of car insurance.
2021-07-03 21:21:07,459  INFO Function - Calculating the cost of car insurance.
2021-07-03 21:21:07,460 DEBUG Function - Selection of the coefficient depending on the driving experience
2021-07-03 21:21:07,462 DEBUG Function - Selection of coefficient depending on the number of accidents
2021-07-03 21:21:07,462 DEBUG Function - Selection of the coefficient depending on the engine power
2021-07-03 21:21:07,466 DEBUG Function - Getting the cost of car insurance
2021-07-03 21:21:07,469  INFO Function - Function for calculating the cost of car insurance.
2021-07-03 21:21:07,470  INFO Function - Calculating the cost of car insurance.
2021-07-03 21:21:07,471 DEBUG Function - Selection of the coefficient depending on the driving experience
2021-07-03 21:21:07,472 DEBUG Function - Selection of coefficient depending on the number of accidents
2021-07-03 21:21:07,474 DEBUG Function - Selection of the coefficient depending on the engine power
2021-07-03 21:21:07,474 DEBUG Function - Getting the cost of car insurance
2021-07-03 21:21:07,475  INFO Function - Function for calculating the cost of car insurance.
2021-07-03 21:21:07,476  INFO Function - Calculating the cost of car insurance.
2021-07-03 21:21:07,478 DEBUG Function - Selection of the coefficient depending on the driving experience
2021-07-03 21:21:07,479 DEBUG Function - Selection of coefficient depending on the number of accidents
2021-07-03 21:21:07,479 DEBUG Function - Selection of the coefficient depending on the engine power
2021-07-03 21:21:07,482 DEBUG Function - Getting the cost of car insurance
2021-07-03 21:21:07,485  INFO Function - Function for calculating the cost of car insurance.
2021-07-03 21:21:07,486  INFO Function - Calculating the cost of car insurance.
2021-07-03 21:21:07,488 DEBUG Function - Selection of the coefficient depending on the driving experience
2021-07-03 21:21:07,488 DEBUG Function - Selection of coefficient depending on the number of accidents
2021-07-03 21:21:07,488 DEBUG Function - Selection of the coefficient depending on the engine power
2021-07-03 21:21:07,489 DEBUG Function - Getting the cost of car insurance
2021-07-03 21:21:07,493  INFO Function - Function for calculating the cost of car insurance.
2021-07-03 21:21:07,493  INFO Function - Calculating the cost of car insurance.
2021-07-03 21:21:07,494 DEBUG Function - Selection of the coefficient depending on the driving experience
2021-07-03 21:21:07,494 DEBUG Function - Selection of coefficient depending on the number of accidents
2021-07-03 21:21:07,494 DEBUG Function - Selection of the coefficient depending on the engine power
2021-07-03 21:21:07,498 DEBUG Function - Getting the cost of car insurance
2021-07-03 21:28:13,000  INFO Function - Function for calculating the cost of car insurance.
2021-07-03 21:28:13,002  INFO Function - Calculating the cost of car insurance.
2021-07-03 21:28:13,002 DEBUG Function - Selection of the coefficient depending on the driving experience
2021-07-03 21:28:13,004 DEBUG Function - Selection of coefficient depending on the number of accidents
2021-07-03 21:28:13,006 DEBUG Function - Selection of the coefficient depending on the engine power
2021-07-03 21:28:13,012 DEBUG Function - Getting the cost of car insurance
2021-07-03 22:07:13,678  INFO Function - Function for calculating the cost of car insurance.
2021-07-03 22:07:13,680  INFO Function - Calculating the cost of car insurance.
2021-07-03 22:07:13,683 DEBUG Coeficient - Selection of the coefficient depending on the driving experience
2021-07-03 22:07:13,685 DEBUG Coeficient - Selection of coefficient depending on the number of accidents
2021-07-03 22:07:13,687 DEBUG Coeficient - Selection of the coefficient depending on the engine power
2021-07-03 22:07:13,693 DEBUG Function - Getting the cost of car insurance
2021-07-04 03:25:49,889 DEBUG Coefficient - Selection of the coefficient depending on the driving experience
2021-07-04 03:26:39,978 DEBUG Coefficient - Selection of the coefficient depending on the driving experience
2021-07-04 03:26:39,982 DEBUG Coefficient - Selection of the coefficient depending on the driving experience
2021-07-04 03:27:05,547 DEBUG Coefficient - Selection of the coefficient depending on the driving experience
2021-07-04 03:27:05,551 DEBUG Coefficient - Selection of the coefficient depending on the driving experience
2021-07-04 03:27:59,189 DEBUG Coefficient - Selection of the coefficient depending on the driving experience
2021-07-04 03:27:59,195 DEBUG Coefficient - Selection of the coefficient depending on the driving experience
2021-07-04 03:28:28,415 DEBUG Coefficient - Selection of the coefficient depending on the driving experience
2021-07-04 03:28:28,420 DEBUG Coefficient - Selection of the coefficient depending on the driving experience
2021-07-04 03:31:59,893 DEBUG Coefficient - Selection of the coefficient depending on the driving experience
2021-07-04 03:31:59,913 DEBUG Coefficient - Selection of the coefficient depending on the driving experience
2021-07-04 03:33:36,972 DEBUG Coefficient - Selection of the coefficient depending on the driving experience
2021-07-04 05:26:27,803 DEBUG Coefficient - Selection of the coefficient depending on the driving experience
2021-07-04 05:26:27,808 DEBUG Coefficient - Selection of the coefficient depending on the driving experience
2021-07-04 05:26:27,815 DEBUG Coefficient - Selection of coefficient depending on the number of accidents
2021-07-04 05:26:27,822 DEBUG Coefficient - Selection of the coefficient depending on the driving experience
2021-07-04 05:26:27,829 DEBUG Coefficient - Selection of the coefficient depending on the driving experience
2021-07-04 05:26:27,832 DEBUG Coefficient - Selection of coefficient depending on the number of accidents
2021-07-04 05:26:27,835 DEBUG Coefficient - Selection of the coefficient depending on the engine power
2021-07-04 05:26:27,838 DEBUG Coefficient - Selection of the coefficient depending on the engine power
2021-07-04 05:26:27,840 DEBUG Coefficient - Selection of the coefficient depending on the engine power
2021-07-04 05:26:27,842 DEBUG Coefficient - Selection of the coefficient depending on the engine power
2021-07-04 05:26:27,849 DEBUG Coefficient - Selection of coefficient depending on the number of accidents
2021-07-04 05:26:27,853 DEBUG Coefficient - Selection of coefficient depending on the number of accidents
2021-07-04 05:26:27,857 DEBUG Coefficient - Selection of the coefficient depending on the engine power
2021-07-04 05:26:27,857 DEBUG Coefficient - Selection of the coefficient depending on the engine power
2021-07-04 06:18:22,579  INFO Function - Function for calculating the cost of car insurance.
2021-07-04 06:18:22,581  INFO Function - Calculating the cost of car insurance.
2021-07-04 06:18:22,583 DEBUG Coefficient - Selection of the coefficient depending on the driving experience
2021-07-04 06:18:22,586 DEBUG Coefficient - Selection of coefficient depending on the number of accidents
2021-07-04 06:18:22,588 DEBUG Coefficient - Selection of the coefficient depending on the engine power
2021-07-04 06:18:22,597 DEBUG Function - Getting the cost of car insurance
2021-07-04 06:18:22,627  INFO Function - Function for calculating the cost of car insurance.
2021-07-04 06:18:22,627  INFO Function - Calculating the cost of car insurance.
2021-07-04 06:18:22,628 DEBUG Coefficient - Selection of the coefficient depending on the driving experience
2021-07-04 06:18:22,628 DEBUG Coefficient - Selection of coefficient depending on the number of accidents
2021-07-04 06:18:22,628 DEBUG Coefficient - Selection of the coefficient depending on the engine power
2021-07-04 06:18:22,629 DEBUG Function - Getting the cost of car insurance
2021-07-04 06:18:45,757  INFO Function - Function for calculating the cost of car insurance.
2021-07-04 06:18:45,761  INFO Function - Calculating the cost of car insurance.
2021-07-04 06:18:45,765 DEBUG Coefficient - Selection of the coefficient depending on the driving experience
2021-07-04 06:18:45,770 DEBUG Coefficient - Selection of coefficient depending on the number of accidents
2021-07-04 06:18:45,775 DEBUG Coefficient - Selection of the coefficient depending on the engine power
2021-07-04 06:18:45,797 DEBUG Function - Getting the cost of car insurance
2021-07-04 06:19:46,807  INFO Function - Function for calculating the cost of car insurance.
2021-07-04 06:19:46,809  INFO Function - Calculating the cost of car insurance.
2021-07-04 06:19:46,811 DEBUG Coefficient - Selection of the coefficient depending on the driving experience
2021-07-04 06:19:46,813 DEBUG Coefficient - Selection of coefficient depending on the number of accidents
2021-07-04 06:19:46,815 DEBUG Coefficient - Selection of the coefficient depending on the engine power
2021-07-04 06:19:46,821 DEBUG Function - Getting the cost of car insurance
2021-07-04 06:23:34,566  INFO Function - Function for calculating the cost of car insurance.
2021-07-04 06:23:34,568  INFO Function - Calculating the cost of car insurance.
2021-07-04 06:23:34,570 DEBUG Coefficient - Selection of the coefficient depending on the driving experience
2021-07-04 06:23:34,572 DEBUG Coefficient - Selection of coefficient depending on the number of accidents
2021-07-04 06:23:34,578 DEBUG Coefficient - Selection of the coefficient depending on the engine power
2021-07-04 06:23:34,585 DEBUG Function - Getting the cost of car insurance
2021-07-04 06:23:34,587  INFO Function - Function for calculating the cost of car insurance.
2021-07-04 06:23:34,588  INFO Function - Calculating the cost of car insurance.
2021-07-04 06:23:34,589 DEBUG Coefficient - Selection of the coefficient depending on the driving experience
2021-07-04 06:23:34,589 DEBUG Coefficient - Selection of coefficient depending on the number of accidents
2021-07-04 06:23:34,589 DEBUG Coefficient - Selection of the coefficient depending on the engine power
2021-07-04 06:23:34,590 DEBUG Function - Getting the cost of car insurance
2021-07-04 06:24:13,014  INFO Function - Function for calculating the cost of car insurance.
2021-07-04 06:24:13,016  INFO Function - Calculating the cost of car insurance.
2021-07-04 06:24:13,018 DEBUG Coefficient - Selection of the coefficient depending on the driving experience
2021-07-04 06:24:13,020 DEBUG Coefficient - Selection of coefficient depending on the number of accidents
2021-07-04 06:24:13,023 DEBUG Coefficient - Selection of the coefficient depending on the engine power
2021-07-04 06:24:13,029 DEBUG Function - Getting the cost of car insurance
2021-07-04 06:25:52,133  INFO Function - Function for calculating the cost of car insurance.
2021-07-04 06:25:52,135  INFO Function - Calculating the cost of car insurance.
2021-07-04 06:25:52,137 DEBUG Coefficient - Selection of the coefficient depending on the driving experience
2021-07-04 06:25:52,139 DEBUG Coefficient - Selection of coefficient depending on the number of accidents
2021-07-04 06:25:52,141 DEBUG Coefficient - Selection of the coefficient depending on the engine power
2021-07-04 06:25:52,151 DEBUG Function - Getting the cost of car insurance
2021-07-04 06:31:10,959  INFO Function - Function for calculating the cost of car insurance.
2021-07-04 06:31:10,961  INFO Function - Calculating the cost of car insurance.
2021-07-04 06:31:10,963 DEBUG Coefficient - Selection of the coefficient depending on the driving experience
2021-07-04 06:31:10,965 DEBUG Coefficient - Selection of coefficient depending on the number of accidents
2021-07-04 06:31:10,967 DEBUG Coefficient - Selection of the coefficient depending on the engine power
2021-07-04 06:31:10,976 DEBUG Function - Getting the cost of car insurance
2021-07-04 06:31:52,272  INFO Function - Function for calculating the cost of car insurance.
2021-07-04 06:31:52,274  INFO Function - Calculating the cost of car insurance.
2021-07-04 06:31:52,276 DEBUG Coefficient - Selection of the coefficient depending on the driving experience
2021-07-04 06:31:52,278 DEBUG Coefficient - Selection of coefficient depending on the number of accidents
2021-07-04 06:31:52,280 DEBUG Coefficient - Selection of the coefficient depending on the engine power
2021-07-04 06:31:52,285 DEBUG Function - Getting the cost of car insurance
2021-07-04 06:35:45,942  INFO Function - Function for calculating the cost of car insurance.
2021-07-04 06:35:45,946  INFO Function - Calculating the cost of car insurance.
2021-07-04 06:35:45,951 DEBUG Coefficient - Selection of the coefficient depending on the driving experience
2021-07-04 06:35:45,954 DEBUG Coefficient - Selection of coefficient depending on the number of accidents
2021-07-04 06:35:45,957 DEBUG Coefficient - Selection of the coefficient depending on the engine power
2021-07-04 06:35:45,970 DEBUG Function - Getting the cost of car insurance
2021-07-04 06:36:12,685  INFO Function - Function for calculating the cost of car insurance.
2021-07-04 06:36:12,687  INFO Function - Calculating the cost of car insurance.
2021-07-04 06:36:12,690 DEBUG Coefficient - Selection of the coefficient depending on the driving experience
2021-07-04 06:36:12,691 DEBUG Coefficient - Selection of coefficient depending on the number of accidents
2021-07-04 06:36:12,693 DEBUG Coefficient - Selection of the coefficient depending on the engine power
2021-07-04 06:36:12,700 DEBUG Function - Getting the cost of car insurance
2021-07-04 06:37:03,094  INFO Function - Function for calculating the cost of car insurance.
2021-07-04 06:37:03,096  INFO Function - Calculating the cost of car insurance.
2021-07-04 06:37:03,098 DEBUG Coefficient - Selection of the coefficient depending on the driving experience
2021-07-04 06:37:03,101 DEBUG Coefficient - Selection of coefficient depending on the number of accidents
2021-07-04 06:37:03,103 DEBUG Coefficient - Selection of the coefficient depending on the engine power
2021-07-04 06:37:03,108 DEBUG Function - Getting the cost of car insurance
2021-07-04 22:36:57,698  INFO Function - Function for calculating the cost of car insurance.
2021-07-04 22:36:57,700  INFO Function - Calculating the cost of car insurance.
2021-07-04 22:36:57,702 DEBUG Coefficient - Selection of the coefficient depending on the driving experience
2021-07-04 22:36:57,703 DEBUG Coefficient - Selection of coefficient depending on the number of accidents
2021-07-04 22:36:57,704 DEBUG Coefficient - Selection of the coefficient depending on the engine power
2021-07-04 22:36:57,710 DEBUG Function - Getting the cost of car insurance
2021-07-04 22:37:45,426  INFO Function - Function for calculating the cost of car insurance.
2021-07-04 22:37:45,427  INFO Function - Calculating the cost of car insurance.
2021-07-04 22:37:45,428 DEBUG Coefficient - Selection of the coefficient depending on the driving experience
2021-07-04 22:37:45,433 DEBUG Coefficient - Selection of coefficient depending on the number of accidents
2021-07-04 22:37:45,434 DEBUG Coefficient - Selection of the coefficient depending on the engine power
2021-07-04 22:37:45,439 DEBUG Function - Getting the cost of car insurance
2021-07-04 22:37:50,651  INFO Function - Function for calculating the cost of car insurance.
2021-07-04 22:37:50,652  INFO Function - Calculating the cost of car insurance.
2021-07-04 22:37:50,653 DEBUG Coefficient - Selection of the coefficient depending on the driving experience
2021-07-04 22:37:50,654 DEBUG Coefficient - Selection of coefficient depending on the number of accidents
2021-07-04 22:37:50,656 DEBUG Coefficient - Selection of the coefficient depending on the engine power
2021-07-04 22:37:50,660 DEBUG Function - Getting the cost of car insurance
2021-07-04 22:38:19,697  INFO Function - Function for calculating the cost of car insurance.
2021-07-04 22:38:19,698  INFO Function - Calculating the cost of car insurance.
2021-07-04 22:38:19,699 DEBUG Coefficient - Selection of the coefficient depending on the driving experience
2021-07-04 22:38:19,700 DEBUG Coefficient - Selection of coefficient depending on the number of accidents
2021-07-04 22:38:19,701 DEBUG Coefficient - Selection of the coefficient depending on the engine power
2021-07-04 22:38:19,706 DEBUG Function - Getting the cost of car insurance
